<?xml version="1.0" encoding="UTF-8"?>
<testng-results ignored="0" total="3" passed="3" failed="0" skipped="0">
  <reporter-output>
  </reporter-output>
  <suite started-at="2023-07-31T15:08:38 BST" name="Default Suite" finished-at="2023-07-31T15:09:12 BST" duration-ms="34506">
    <groups>
      <group name="cucumber">
        <method signature="AbstractTestNGCucumberTests.runScenario(io.cucumber.testng.PickleWrapper,io.cucumber.testng.FeatureWrapper)[pri:0, instance:testRunner.runnerClass@3fb1549b]" name="runScenario" class="io.cucumber.testng.AbstractTestNGCucumberTests"/>
      </group> <!-- cucumber -->
    </groups>
    <test started-at="2023-07-31T15:08:38 BST" name="cucumber_demo" finished-at="2023-07-31T15:09:12 BST" duration-ms="34506">
      <class name="testRunner.runnerClass">
        <test-method is-config="true" signature="setUpClass(org.testng.ITestContext)[pri:0, instance:testRunner.runnerClass@3fb1549b]" started-at="2023-07-31T15:08:38 BST" name="setUpClass" finished-at="2023-07-31T15:08:38 BST" duration-ms="770" status="PASS">
          <params>
            <param index="0">
              <value>
                <![CDATA[org.testng.TestRunner@68c9e023]]>
              </value>
            </param>
          </params>
          <reporter-output>
          </reporter-output>
        </test-method> <!-- setUpClass -->
        <test-method signature="runScenario(io.cucumber.testng.PickleWrapper,io.cucumber.testng.FeatureWrapper)[pri:0, instance:testRunner.runnerClass@3fb1549b]" started-at="2023-07-31T15:08:38 BST" name="runScenario" description="Runs Cucumber Scenarios" data-provider="scenarios" finished-at="2023-07-31T15:08:51 BST" duration-ms="12630" status="PASS">
          <params>
            <param index="0">
              <value>
                <![CDATA["search Functionality"]]>
              </value>
            </param>
            <param index="1">
              <value>
                <![CDATA["search Functionality with valid data"]]>
              </value>
            </param>
          </params>
          <reporter-output>
          </reporter-output>
        </test-method> <!-- runScenario -->
        <test-method signature="runScenario(io.cucumber.testng.PickleWrapper,io.cucumber.testng.FeatureWrapper)[pri:0, instance:testRunner.runnerClass@3fb1549b]" started-at="2023-07-31T15:08:51 BST" name="runScenario" description="Runs Cucumber Scenarios" data-provider="scenarios" finished-at="2023-07-31T15:09:03 BST" duration-ms="12121" status="PASS">
          <params>
            <param index="0">
              <value>
                <![CDATA["search Functionality"]]>
              </value>
            </param>
            <param index="1">
              <value>
                <![CDATA["search Functionality with valid data"]]>
              </value>
            </param>
          </params>
          <reporter-output>
          </reporter-output>
        </test-method> <!-- runScenario -->
        <test-method signature="runScenario(io.cucumber.testng.PickleWrapper,io.cucumber.testng.FeatureWrapper)[pri:0, instance:testRunner.runnerClass@3fb1549b]" started-at="2023-07-31T15:09:03 BST" name="runScenario" description="Runs Cucumber Scenarios" data-provider="scenarios" finished-at="2023-07-31T15:09:12 BST" duration-ms="8857" status="PASS">
          <params>
            <param index="0">
              <value>
                <![CDATA["search Functionality"]]>
              </value>
            </param>
            <param index="1">
              <value>
                <![CDATA["search Functionality with valid data"]]>
              </value>
            </param>
          </params>
          <reporter-output>
          </reporter-output>
        </test-method> <!-- runScenario -->
        <test-method is-config="true" signature="tearDownClass()[pri:0, instance:testRunner.runnerClass@3fb1549b]" started-at="2023-07-31T15:09:12 BST" name="tearDownClass" finished-at="2023-07-31T15:09:12 BST" duration-ms="64" status="PASS">
          <reporter-output>
          </reporter-output>
        </test-method> <!-- tearDownClass -->
      </class> <!-- testRunner.runnerClass -->
    </test> <!-- cucumber_demo -->
  </suite> <!-- Default Suite -->
</testng-results>
